2025-11-17 21:32:35,151 - app - ERROR - Server error: 404.html
Traceback (most recent call last):
  File "C:\Users\hp\OneDrive\New folder (2)\mindlens85\Jyoti mindlens\mlenv\Lib\site-packages\starlette\middleware\exceptions.py", line 68, in __call__
    await self.app(scope, receive, sender)
  File "C:\Users\hp\OneDrive\New folder (2)\mindlens85\Jyoti mindlens\mlenv\Lib\site-packages\fastapi\middleware\asyncexitstack.py", line 20, in __call__
    raise e
  File "C:\Users\hp\OneDrive\New folder (2)\mindlens85\Jyoti mindlens\mlenv\Lib\site-packages\fastapi\middleware\asyncexitstack.py", line 17, in __call__
    await self.app(scope, receive, send)
  File "C:\Users\hp\OneDrive\New folder (2)\mindlens85\Jyoti mindlens\mlenv\Lib\site-packages\starlette\routing.py", line 747, in __call__
    await self.default(scope, receive, send)
  File "C:\Users\hp\OneDrive\New folder (2)\mindlens85\Jyoti mindlens\mlenv\Lib\site-packages\starlette\routing.py", line 635, in not_found
    raise HTTPException(status_code=404)
starlette.exceptions.HTTPException

During handling of the above exception, another exception occurred:

Traceback (most recent call last):
  File "C:\Users\hp\OneDrive\New folder (2)\mindlens85\Jyoti mindlens\mlenv\Lib\site-packages\starlette\middleware\errors.py", line 162, in __call__
    await self.app(scope, receive, _send)
  File "C:\Users\hp\OneDrive\New folder (2)\mindlens85\Jyoti mindlens\mlenv\Lib\site-packages\starlette\middleware\cors.py", line 91, in __call__
    await self.simple_response(scope, receive, send, request_headers=headers)
  File "C:\Users\hp\OneDrive\New folder (2)\mindlens85\Jyoti mindlens\mlenv\Lib\site-packages\starlette\middleware\cors.py", line 146, in simple_response
    await self.app(scope, receive, send)
  File "C:\Users\hp\OneDrive\New folder (2)\mindlens85\Jyoti mindlens\mlenv\Lib\site-packages\starlette\middleware\exceptions.py", line 88, in __call__
    response = await handler(request, exc)
               ^^^^^^^^^^^^^^^^^^^^^^^^^^^
  File "C:\Users\hp\OneDrive\New folder (2)\mindlens85\Jyoti mindlens\app.py", line 274, in not_found_exception_handler
    return templates.TemplateResponse(
           ^^^^^^^^^^^^^^^^^^^^^^^^^^^
  File "C:\Users\hp\OneDrive\New folder (2)\mindlens85\Jyoti mindlens\mlenv\Lib\site-packages\starlette\templating.py", line 112, in TemplateResponse
    template = self.get_template(name)
               ^^^^^^^^^^^^^^^^^^^^^^^
  File "C:\Users\hp\OneDrive\New folder (2)\mindlens85\Jyoti mindlens\mlenv\Lib\site-packages\starlette\templating.py", line 94, in get_template
    return self.env.get_template(name)
           ^^^^^^^^^^^^^^^^^^^^^^^^^^^
  File "C:\Users\hp\OneDrive\New folder (2)\mindlens85\Jyoti mindlens\mlenv\Lib\site-packages\jinja2\environment.py", line 1010, in get_template
    return self._load_template(name, globals)
           ^^^^^^^^^^^^^^^^^^^^^^^^^^^^^^^^^^
  File "C:\Users\hp\OneDrive\New folder (2)\mindlens85\Jyoti mindlens\mlenv\Lib\site-packages\jinja2\environment.py", line 969, in _load_template
    template = self.loader.load(self, name, self.make_globals(globals))
               ^^^^^^^^^^^^^^^^^^^^^^^^^^^^^^^^^^^^^^^^^^^^^^^^^^^^^^^^
  File "C:\Users\hp\OneDrive\New folder (2)\mindlens85\Jyoti mindlens\mlenv\Lib\site-packages\jinja2\loaders.py", line 126, in load
    source, filename, uptodate = self.get_source(environment, name)
                                 ^^^^^^^^^^^^^^^^^^^^^^^^^^^^^^^^^^
  File "C:\Users\hp\OneDrive\New folder (2)\mindlens85\Jyoti mindlens\mlenv\Lib\site-packages\jinja2\loaders.py", line 218, in get_source
    raise TemplateNotFound(template)
jinja2.exceptions.TemplateNotFound: 404.html
2025-11-17 21:33:22,110 - app - ERROR - Server error: 404.html
Traceback (most recent call last):
  File "C:\Users\hp\OneDrive\New folder (2)\mindlens85\Jyoti mindlens\mlenv\Lib\site-packages\starlette\middleware\exceptions.py", line 68, in __call__
    await self.app(scope, receive, sender)
  File "C:\Users\hp\OneDrive\New folder (2)\mindlens85\Jyoti mindlens\mlenv\Lib\site-packages\fastapi\middleware\asyncexitstack.py", line 20, in __call__
    raise e
  File "C:\Users\hp\OneDrive\New folder (2)\mindlens85\Jyoti mindlens\mlenv\Lib\site-packages\fastapi\middleware\asyncexitstack.py", line 17, in __call__
    await self.app(scope, receive, send)
  File "C:\Users\hp\OneDrive\New folder (2)\mindlens85\Jyoti mindlens\mlenv\Lib\site-packages\starlette\routing.py", line 747, in __call__
    await self.default(scope, receive, send)
  File "C:\Users\hp\OneDrive\New folder (2)\mindlens85\Jyoti mindlens\mlenv\Lib\site-packages\starlette\routing.py", line 635, in not_found
    raise HTTPException(status_code=404)
starlette.exceptions.HTTPException

During handling of the above exception, another exception occurred:

Traceback (most recent call last):
  File "C:\Users\hp\OneDrive\New folder (2)\mindlens85\Jyoti mindlens\mlenv\Lib\site-packages\starlette\middleware\errors.py", line 162, in __call__
    await self.app(scope, receive, _send)
  File "C:\Users\hp\OneDrive\New folder (2)\mindlens85\Jyoti mindlens\mlenv\Lib\site-packages\starlette\middleware\cors.py", line 91, in __call__
    await self.simple_response(scope, receive, send, request_headers=headers)
  File "C:\Users\hp\OneDrive\New folder (2)\mindlens85\Jyoti mindlens\mlenv\Lib\site-packages\starlette\middleware\cors.py", line 146, in simple_response
    await self.app(scope, receive, send)
  File "C:\Users\hp\OneDrive\New folder (2)\mindlens85\Jyoti mindlens\mlenv\Lib\site-packages\starlette\middleware\exceptions.py", line 88, in __call__
    response = await handler(request, exc)
               ^^^^^^^^^^^^^^^^^^^^^^^^^^^
  File "C:\Users\hp\OneDrive\New folder (2)\mindlens85\Jyoti mindlens\app.py", line 274, in not_found_exception_handler
    return templates.TemplateResponse(
           ^^^^^^^^^^^^^^^^^^^^^^^^^^^
  File "C:\Users\hp\OneDrive\New folder (2)\mindlens85\Jyoti mindlens\mlenv\Lib\site-packages\starlette\templating.py", line 112, in TemplateResponse
    template = self.get_template(name)
               ^^^^^^^^^^^^^^^^^^^^^^^
  File "C:\Users\hp\OneDrive\New folder (2)\mindlens85\Jyoti mindlens\mlenv\Lib\site-packages\starlette\templating.py", line 94, in get_template
    return self.env.get_template(name)
           ^^^^^^^^^^^^^^^^^^^^^^^^^^^
  File "C:\Users\hp\OneDrive\New folder (2)\mindlens85\Jyoti mindlens\mlenv\Lib\site-packages\jinja2\environment.py", line 1010, in get_template
    return self._load_template(name, globals)
           ^^^^^^^^^^^^^^^^^^^^^^^^^^^^^^^^^^
  File "C:\Users\hp\OneDrive\New folder (2)\mindlens85\Jyoti mindlens\mlenv\Lib\site-packages\jinja2\environment.py", line 969, in _load_template
    template = self.loader.load(self, name, self.make_globals(globals))
               ^^^^^^^^^^^^^^^^^^^^^^^^^^^^^^^^^^^^^^^^^^^^^^^^^^^^^^^^
  File "C:\Users\hp\OneDrive\New folder (2)\mindlens85\Jyoti mindlens\mlenv\Lib\site-packages\jinja2\loaders.py", line 126, in load
    source, filename, uptodate = self.get_source(environment, name)
                                 ^^^^^^^^^^^^^^^^^^^^^^^^^^^^^^^^^^
  File "C:\Users\hp\OneDrive\New folder (2)\mindlens85\Jyoti mindlens\mlenv\Lib\site-packages\jinja2\loaders.py", line 218, in get_source
    raise TemplateNotFound(template)
jinja2.exceptions.TemplateNotFound: 404.html
2025-11-17 21:33:57,607 - app - ERROR - Server error: 404.html
Traceback (most recent call last):
  File "C:\Users\hp\OneDrive\New folder (2)\mindlens85\Jyoti mindlens\mlenv\Lib\site-packages\starlette\middleware\exceptions.py", line 68, in __call__
    await self.app(scope, receive, sender)
  File "C:\Users\hp\OneDrive\New folder (2)\mindlens85\Jyoti mindlens\mlenv\Lib\site-packages\fastapi\middleware\asyncexitstack.py", line 20, in __call__
    raise e
  File "C:\Users\hp\OneDrive\New folder (2)\mindlens85\Jyoti mindlens\mlenv\Lib\site-packages\fastapi\middleware\asyncexitstack.py", line 17, in __call__
    await self.app(scope, receive, send)
  File "C:\Users\hp\OneDrive\New folder (2)\mindlens85\Jyoti mindlens\mlenv\Lib\site-packages\starlette\routing.py", line 747, in __call__
    await self.default(scope, receive, send)
  File "C:\Users\hp\OneDrive\New folder (2)\mindlens85\Jyoti mindlens\mlenv\Lib\site-packages\starlette\routing.py", line 635, in not_found
    raise HTTPException(status_code=404)
starlette.exceptions.HTTPException

During handling of the above exception, another exception occurred:

Traceback (most recent call last):
  File "C:\Users\hp\OneDrive\New folder (2)\mindlens85\Jyoti mindlens\mlenv\Lib\site-packages\starlette\middleware\errors.py", line 162, in __call__
    await self.app(scope, receive, _send)
  File "C:\Users\hp\OneDrive\New folder (2)\mindlens85\Jyoti mindlens\mlenv\Lib\site-packages\starlette\middleware\cors.py", line 91, in __call__
    await self.simple_response(scope, receive, send, request_headers=headers)
  File "C:\Users\hp\OneDrive\New folder (2)\mindlens85\Jyoti mindlens\mlenv\Lib\site-packages\starlette\middleware\cors.py", line 146, in simple_response
    await self.app(scope, receive, send)
  File "C:\Users\hp\OneDrive\New folder (2)\mindlens85\Jyoti mindlens\mlenv\Lib\site-packages\starlette\middleware\exceptions.py", line 88, in __call__
    response = await handler(request, exc)
               ^^^^^^^^^^^^^^^^^^^^^^^^^^^
  File "C:\Users\hp\OneDrive\New folder (2)\mindlens85\Jyoti mindlens\app.py", line 274, in not_found_exception_handler
    arr = np.frombuffer(raw, np.uint8)
       ^^^^^^^^^^^^^^^^^^^^^^^^^^^^^^^
  File "C:\Users\hp\OneDrive\New folder (2)\mindlens85\Jyoti mindlens\mlenv\Lib\site-packages\starlette\templating.py", line 112, in TemplateResponse
    template = self.get_template(name)
               ^^^^^^^^^^^^^^^^^^^^^^^
  File "C:\Users\hp\OneDrive\New folder (2)\mindlens85\Jyoti mindlens\mlenv\Lib\site-packages\starlette\templating.py", line 94, in get_template
    return self.env.get_template(name)
           ^^^^^^^^^^^^^^^^^^^^^^^^^^^
  File "C:\Users\hp\OneDrive\New folder (2)\mindlens85\Jyoti mindlens\mlenv\Lib\site-packages\jinja2\environment.py", line 1010, in get_template
    return self._load_template(name, globals)
           ^^^^^^^^^^^^^^^^^^^^^^^^^^^^^^^^^^
  File "C:\Users\hp\OneDrive\New folder (2)\mindlens85\Jyoti mindlens\mlenv\Lib\site-packages\jinja2\environment.py", line 969, in _load_template
    template = self.loader.load(self, name, self.make_globals(globals))
               ^^^^^^^^^^^^^^^^^^^^^^^^^^^^^^^^^^^^^^^^^^^^^^^^^^^^^^^^
  File "C:\Users\hp\OneDrive\New folder (2)\mindlens85\Jyoti mindlens\mlenv\Lib\site-packages\jinja2\loaders.py", line 126, in load
    source, filename, uptodate = self.get_source(environment, name)
                                 ^^^^^^^^^^^^^^^^^^^^^^^^^^^^^^^^^^
  File "C:\Users\hp\OneDrive\New folder (2)\mindlens85\Jyoti mindlens\mlenv\Lib\site-packages\jinja2\loaders.py", line 218, in get_source
    raise TemplateNotFound(template)
jinja2.exceptions.TemplateNotFound: 404.html
